<?xml version="1.0" encoding="UTF-8"?>
<testsuite xmlns:xsi="http://www.w3.org/2001/XMLSchema-instance" xsi:noNamespaceSchemaLocation="https://maven.apache.org/surefire/maven-surefire-plugin/xsd/surefire-test-report.xsd" name="com.ua.app.service.impl.ContactServiceImplTest" time="0.042" tests="2" errors="0" skipped="0" failures="0">
  <properties>
[...]
</properties>
  <testcase name="getContactsByPage" classname="com.ua.app.service.impl.ContactServiceImplTest" time="0.004"/>
  <testcase name="getPageContacts" classname="com.ua.app.service.impl.ContactServiceImplTest" time="0.007"/>
</testsuite>